[LOGGER] 2023-12-19 00:43:28 error: uncaughtException: тип Unable to compile TypeScript:
[96msrc/controllers/barang.controller.ts[0m:[93m33[0m:[93m7[0m - [91merror[0m[90m TS2552: [0mCannot find name 'data'. Did you mean 'datas'?

[7m33[0m       data
[7m  [0m [91m      ~~~~[0m

  [96msrc/controllers/barang.controller.ts[0m:[93m9[0m:[93m11[0m
    [7m9[0m     const datas = [
    [7m [0m [96m          ~~~~~[0m
    'datas' is declared here.

TSError: тип Unable to compile TypeScript:
[96msrc/controllers/barang.controller.ts[0m:[93m33[0m:[93m7[0m - [91merror[0m[90m TS2552: [0mCannot find name 'data'. Did you mean 'datas'?

[7m33[0m       data
[7m  [0m [91m      ~~~~[0m

  [96msrc/controllers/barang.controller.ts[0m:[93m9[0m:[93m11[0m
    [7m9[0m     const datas = [
    [7m [0m [96m          ~~~~~[0m
    'datas' is declared here.

    at createTSError (C:\Users\HP\Desktop\projects\cmcbmj-api\node_modules\ts-node\src\index.ts:859:12)
    at reportTSError (C:\Users\HP\Desktop\projects\cmcbmj-api\node_modules\ts-node\src\index.ts:863:19)
    at getOutput (C:\Users\HP\Desktop\projects\cmcbmj-api\node_modules\ts-node\src\index.ts:1077:36)
    at Object.compile (C:\Users\HP\Desktop\projects\cmcbmj-api\node_modules\ts-node\src\index.ts:1433:41)
    at Module.m._compile (C:\Users\HP\Desktop\projects\cmcbmj-api\node_modules\ts-node\src\index.ts:1617:30)
    at Module._extensions..js (node:internal/modules/cjs/loader:1310:10)
    at Object.require.extensions.<computed> [as .ts] (C:\Users\HP\Desktop\projects\cmcbmj-api\node_modules\ts-node\src\index.ts:1621:12)
    at Module.load (node:internal/modules/cjs/loader:1119:32)
    at Function.Module._load (node:internal/modules/cjs/loader:960:12)
    at Module.require (node:internal/modules/cjs/loader:1143:19)
